[2025-04-21T09:31:56.766+0000] {local_task_job_runner.py:123} INFO - ::group::Pre task execution logs
[2025-04-21T09:31:56.787+0000] {taskinstance.py:2614} INFO - Dependencies all met for dep_context=non-requeueable deps ti=<TaskInstance: dag_rezaseptian.load_csv manual__2025-04-21T09:31:52.967059+00:00 [queued]>
[2025-04-21T09:31:56.797+0000] {taskinstance.py:2614} INFO - Dependencies all met for dep_context=requeueable deps ti=<TaskInstance: dag_rezaseptian.load_csv manual__2025-04-21T09:31:52.967059+00:00 [queued]>
[2025-04-21T09:31:56.799+0000] {taskinstance.py:2867} INFO - Starting attempt 1 of 1
[2025-04-21T09:31:56.812+0000] {taskinstance.py:2890} INFO - Executing <Task(PythonOperator): load_csv> on 2025-04-21 09:31:52.967059+00:00
[2025-04-21T09:31:56.819+0000] {warnings.py:112} WARNING - /home/***/.local/lib/python3.12/site-packages/***/task/task_runner/standard_task_runner.py:70: DeprecationWarning: This process (pid=280) is multi-threaded, use of fork() may lead to deadlocks in the child.
  pid = os.fork()

[2025-04-21T09:31:56.821+0000] {standard_task_runner.py:72} INFO - Started process 282 to run task
[2025-04-21T09:31:56.822+0000] {standard_task_runner.py:104} INFO - Running: ['***', 'tasks', 'run', 'dag_rezaseptian', 'load_csv', 'manual__2025-04-21T09:31:52.967059+00:00', '--job-id', '15', '--raw', '--subdir', 'DAGS_FOLDER/dag_rezaseptian.py', '--cfg-path', '/tmp/tmpq1b1oyoz']
[2025-04-21T09:31:56.823+0000] {standard_task_runner.py:105} INFO - Job 15: Subtask load_csv
[2025-04-21T09:31:56.870+0000] {task_command.py:467} INFO - Running <TaskInstance: dag_rezaseptian.load_csv manual__2025-04-21T09:31:52.967059+00:00 [running]> on host 3c6ae2537c9a
[2025-04-21T09:31:57.194+0000] {taskinstance.py:3134} INFO - Exporting env vars: AIRFLOW_CTX_DAG_OWNER='***' AIRFLOW_CTX_DAG_ID='dag_rezaseptian' AIRFLOW_CTX_TASK_ID='load_csv' AIRFLOW_CTX_EXECUTION_DATE='2025-04-21T09:31:52.967059+00:00' AIRFLOW_CTX_TRY_NUMBER='1' AIRFLOW_CTX_DAG_RUN_ID='manual__2025-04-21T09:31:52.967059+00:00'
[2025-04-21T09:31:57.196+0000] {logging_mixin.py:190} INFO - Task instance is in running state
[2025-04-21T09:31:57.196+0000] {logging_mixin.py:190} INFO -  Previous state of the Task instance: queued
[2025-04-21T09:31:57.197+0000] {logging_mixin.py:190} INFO - Current task name:load_csv state:running start_date:2025-04-21 09:31:56.788716+00:00
[2025-04-21T09:31:57.197+0000] {logging_mixin.py:190} INFO - Dag name:dag_rezaseptian and current dag run status:running
[2025-04-21T09:31:57.197+0000] {taskinstance.py:732} INFO - ::endgroup::
[2025-04-21T09:31:58.613+0000] {python.py:240} INFO - Done. Returned value was: None
[2025-04-21T09:31:58.625+0000] {taskinstance.py:341} INFO - ::group::Post task execution logs
[2025-04-21T09:31:58.626+0000] {taskinstance.py:353} INFO - Marking task as SUCCESS. dag_id=dag_rezaseptian, task_id=load_csv, run_id=manual__2025-04-21T09:31:52.967059+00:00, execution_date=20250421T093152, start_date=20250421T093156, end_date=20250421T093158
[2025-04-21T09:31:58.656+0000] {logging_mixin.py:190} INFO - Task instance in success state
[2025-04-21T09:31:58.657+0000] {logging_mixin.py:190} INFO -  Previous state of the Task instance: running
[2025-04-21T09:31:58.657+0000] {logging_mixin.py:190} INFO - Dag name:dag_rezaseptian queued_at:2025-04-21 09:31:52.984782+00:00
[2025-04-21T09:31:58.658+0000] {logging_mixin.py:190} INFO - Task hostname:3c6ae2537c9a operator:PythonOperator
[2025-04-21T09:31:58.704+0000] {local_task_job_runner.py:266} INFO - Task exited with return code 0
[2025-04-21T09:31:58.730+0000] {taskinstance.py:3901} INFO - 1 downstream tasks scheduled from follow-on schedule check
[2025-04-21T09:31:58.735+0000] {local_task_job_runner.py:245} INFO - ::endgroup::
