[2025-04-21T10:02:54.721+0000] {local_task_job_runner.py:123} INFO - ::group::Pre task execution logs
[2025-04-21T10:02:54.752+0000] {taskinstance.py:2614} INFO - Dependencies all met for dep_context=non-requeueable deps ti=<TaskInstance: dag_rezaseptian.load_csv manual__2025-04-21T10:02:51.259298+00:00 [queued]>
[2025-04-21T10:02:54.765+0000] {taskinstance.py:2614} INFO - Dependencies all met for dep_context=requeueable deps ti=<TaskInstance: dag_rezaseptian.load_csv manual__2025-04-21T10:02:51.259298+00:00 [queued]>
[2025-04-21T10:02:54.767+0000] {taskinstance.py:2867} INFO - Starting attempt 1 of 1
[2025-04-21T10:02:54.782+0000] {taskinstance.py:2890} INFO - Executing <Task(PythonOperator): load_csv> on 2025-04-21 10:02:51.259298+00:00
[2025-04-21T10:02:54.790+0000] {warnings.py:112} WARNING - /home/***/.local/lib/python3.12/site-packages/***/task/task_runner/standard_task_runner.py:70: DeprecationWarning: This process (pid=739) is multi-threaded, use of fork() may lead to deadlocks in the child.
  pid = os.fork()

[2025-04-21T10:02:54.792+0000] {standard_task_runner.py:72} INFO - Started process 741 to run task
[2025-04-21T10:02:54.792+0000] {standard_task_runner.py:104} INFO - Running: ['***', 'tasks', 'run', 'dag_rezaseptian', 'load_csv', 'manual__2025-04-21T10:02:51.259298+00:00', '--job-id', '30', '--raw', '--subdir', 'DAGS_FOLDER/dag_rezaseptian.py', '--cfg-path', '/tmp/tmpy5vzogkz']
[2025-04-21T10:02:54.794+0000] {standard_task_runner.py:105} INFO - Job 30: Subtask load_csv
[2025-04-21T10:02:54.835+0000] {task_command.py:467} INFO - Running <TaskInstance: dag_rezaseptian.load_csv manual__2025-04-21T10:02:51.259298+00:00 [running]> on host 3c6ae2537c9a
[2025-04-21T10:02:55.111+0000] {taskinstance.py:3134} INFO - Exporting env vars: AIRFLOW_CTX_DAG_OWNER='***' AIRFLOW_CTX_DAG_ID='dag_rezaseptian' AIRFLOW_CTX_TASK_ID='load_csv' AIRFLOW_CTX_EXECUTION_DATE='2025-04-21T10:02:51.259298+00:00' AIRFLOW_CTX_TRY_NUMBER='1' AIRFLOW_CTX_DAG_RUN_ID='manual__2025-04-21T10:02:51.259298+00:00'
[2025-04-21T10:02:55.112+0000] {logging_mixin.py:190} INFO - Task instance is in running state
[2025-04-21T10:02:55.113+0000] {logging_mixin.py:190} INFO -  Previous state of the Task instance: queued
[2025-04-21T10:02:55.114+0000] {logging_mixin.py:190} INFO - Current task name:load_csv state:running start_date:2025-04-21 10:02:54.753450+00:00
[2025-04-21T10:02:55.114+0000] {logging_mixin.py:190} INFO - Dag name:dag_rezaseptian and current dag run status:running
[2025-04-21T10:02:55.115+0000] {taskinstance.py:732} INFO - ::endgroup::
[2025-04-21T10:02:56.176+0000] {python.py:240} INFO - Done. Returned value was: None
[2025-04-21T10:02:56.187+0000] {taskinstance.py:341} INFO - ::group::Post task execution logs
[2025-04-21T10:02:56.188+0000] {taskinstance.py:353} INFO - Marking task as SUCCESS. dag_id=dag_rezaseptian, task_id=load_csv, run_id=manual__2025-04-21T10:02:51.259298+00:00, execution_date=20250421T100251, start_date=20250421T100254, end_date=20250421T100256
[2025-04-21T10:02:56.214+0000] {logging_mixin.py:190} INFO - Task instance in success state
[2025-04-21T10:02:56.215+0000] {logging_mixin.py:190} INFO -  Previous state of the Task instance: running
[2025-04-21T10:02:56.216+0000] {logging_mixin.py:190} INFO - Dag name:dag_rezaseptian queued_at:2025-04-21 10:02:51.280623+00:00
[2025-04-21T10:02:56.217+0000] {logging_mixin.py:190} INFO - Task hostname:3c6ae2537c9a operator:PythonOperator
[2025-04-21T10:02:56.256+0000] {local_task_job_runner.py:266} INFO - Task exited with return code 0
[2025-04-21T10:02:56.280+0000] {taskinstance.py:3901} INFO - 1 downstream tasks scheduled from follow-on schedule check
[2025-04-21T10:02:56.284+0000] {local_task_job_runner.py:245} INFO - ::endgroup::
