[2025-04-21T09:56:44.000+0000] {local_task_job_runner.py:123} INFO - ::group::Pre task execution logs
[2025-04-21T09:56:44.021+0000] {taskinstance.py:2614} INFO - Dependencies all met for dep_context=non-requeueable deps ti=<TaskInstance: dag_rezaseptian.create_another_table manual__2025-04-21T09:56:36.448628+00:00 [queued]>
[2025-04-21T09:56:44.034+0000] {taskinstance.py:2614} INFO - Dependencies all met for dep_context=requeueable deps ti=<TaskInstance: dag_rezaseptian.create_another_table manual__2025-04-21T09:56:36.448628+00:00 [queued]>
[2025-04-21T09:56:44.036+0000] {taskinstance.py:2867} INFO - Starting attempt 1 of 1
[2025-04-21T09:56:44.050+0000] {taskinstance.py:2890} INFO - Executing <Task(SQLExecuteQueryOperator): create_another_table> on 2025-04-21 09:56:36.448628+00:00
[2025-04-21T09:56:44.057+0000] {warnings.py:112} WARNING - /home/***/.local/lib/python3.12/site-packages/***/task/task_runner/standard_task_runner.py:70: DeprecationWarning: This process (pid=642) is multi-threaded, use of fork() may lead to deadlocks in the child.
  pid = os.fork()

[2025-04-21T09:56:44.059+0000] {standard_task_runner.py:72} INFO - Started process 644 to run task
[2025-04-21T09:56:44.059+0000] {standard_task_runner.py:104} INFO - Running: ['***', 'tasks', 'run', 'dag_rezaseptian', 'create_another_table', 'manual__2025-04-21T09:56:36.448628+00:00', '--job-id', '25', '--raw', '--subdir', 'DAGS_FOLDER/dag_rezaseptian.py', '--cfg-path', '/tmp/tmpdqj5rcl3']
[2025-04-21T09:56:44.060+0000] {standard_task_runner.py:105} INFO - Job 25: Subtask create_another_table
[2025-04-21T09:56:44.105+0000] {task_command.py:467} INFO - Running <TaskInstance: dag_rezaseptian.create_another_table manual__2025-04-21T09:56:36.448628+00:00 [running]> on host 3c6ae2537c9a
[2025-04-21T09:56:44.386+0000] {taskinstance.py:3134} INFO - Exporting env vars: AIRFLOW_CTX_DAG_OWNER='***' AIRFLOW_CTX_DAG_ID='dag_rezaseptian' AIRFLOW_CTX_TASK_ID='create_another_table' AIRFLOW_CTX_EXECUTION_DATE='2025-04-21T09:56:36.448628+00:00' AIRFLOW_CTX_TRY_NUMBER='1' AIRFLOW_CTX_DAG_RUN_ID='manual__2025-04-21T09:56:36.448628+00:00'
[2025-04-21T09:56:44.387+0000] {logging_mixin.py:190} INFO - Task instance is in running state
[2025-04-21T09:56:44.388+0000] {logging_mixin.py:190} INFO -  Previous state of the Task instance: queued
[2025-04-21T09:56:44.389+0000] {logging_mixin.py:190} INFO - Current task name:create_another_table state:running start_date:2025-04-21 09:56:44.022249+00:00
[2025-04-21T09:56:44.389+0000] {logging_mixin.py:190} INFO - Dag name:dag_rezaseptian and current dag run status:running
[2025-04-21T09:56:44.390+0000] {taskinstance.py:732} INFO - ::endgroup::
[2025-04-21T09:56:44.390+0000] {sql.py:295} INFO - Executing: 
        CREATE TABLE IF NOT EXISTS another_table (
            id INT PRIMARY KEY,
            customer_name TEXT
        );
    
[2025-04-21T09:56:44.401+0000] {base.py:84} INFO - Retrieving connection 'postgre_conn'
[2025-04-21T09:56:44.409+0000] {base.py:84} INFO - Retrieving connection 'postgre_conn'
[2025-04-21T09:56:44.558+0000] {sql.py:511} INFO - Running statement: 
        CREATE TABLE IF NOT EXISTS another_table (
            id INT PRIMARY KEY,
            customer_name TEXT
        );
    , parameters: None
[2025-04-21T09:56:44.609+0000] {warnings.py:112} WARNING - /home/***/.local/lib/python3.12/site-packages/***/providers/common/sql/hooks/sql.py:470: DeprecationWarning: Import of fetch_all_handler from the '***.providers.common.sql.hooks' module is deprecated and will
be removed in the future. Please import it from '***.providers.common.sql.hooks.handlers'.
  result = self._make_common_data_structure(handler(cur))

[2025-04-21T09:56:44.610+0000] {warnings.py:112} WARNING - /home/***/.local/lib/python3.12/site-packages/***/providers/common/sql/hooks/sql.py:471: DeprecationWarning: Import of return_single_query_results from the '***.providers.common.sql.hooks' module is deprecated and will
be removed in the future. Please import it from '***.providers.common.sql.hooks.handlers'.
  if return_single_query_results(sql, return_last, split_statements):

[2025-04-21T09:56:44.635+0000] {warnings.py:112} WARNING - /home/***/.local/lib/python3.12/site-packages/***/providers/common/sql/hooks/sql.py:486: DeprecationWarning: Import of return_single_query_results from the '***.providers.common.sql.hooks' module is deprecated and will
be removed in the future. Please import it from '***.providers.common.sql.hooks.handlers'.
  if return_single_query_results(sql, return_last, split_statements):

[2025-04-21T09:56:44.636+0000] {warnings.py:112} WARNING - /home/***/.local/lib/python3.12/site-packages/***/providers/common/sql/operators/sql.py:311: DeprecationWarning: Import of return_single_query_results from the '***.providers.common.sql.hooks' module is deprecated and will
be removed in the future. Please import it from '***.providers.common.sql.hooks.handlers'.
  if return_single_query_results(self.sql, self.return_last, self.split_statements):

[2025-04-21T09:56:44.644+0000] {taskinstance.py:341} INFO - ::group::Post task execution logs
[2025-04-21T09:56:44.645+0000] {taskinstance.py:353} INFO - Marking task as SUCCESS. dag_id=dag_rezaseptian, task_id=create_another_table, run_id=manual__2025-04-21T09:56:36.448628+00:00, execution_date=20250421T095636, start_date=20250421T095644, end_date=20250421T095644
[2025-04-21T09:56:44.670+0000] {logging_mixin.py:190} INFO - Task instance in success state
[2025-04-21T09:56:44.671+0000] {logging_mixin.py:190} INFO -  Previous state of the Task instance: running
[2025-04-21T09:56:44.671+0000] {logging_mixin.py:190} INFO - Dag name:dag_rezaseptian queued_at:2025-04-21 09:56:36.472215+00:00
[2025-04-21T09:56:44.672+0000] {logging_mixin.py:190} INFO - Task hostname:3c6ae2537c9a operator:SQLExecuteQueryOperator
[2025-04-21T09:56:44.719+0000] {local_task_job_runner.py:266} INFO - Task exited with return code 0
[2025-04-21T09:56:44.750+0000] {taskinstance.py:3901} INFO - 1 downstream tasks scheduled from follow-on schedule check
[2025-04-21T09:56:44.754+0000] {local_task_job_runner.py:245} INFO - ::endgroup::
