[2025-04-21T09:40:03.777+0000] {local_task_job_runner.py:123} INFO - ::group::Pre task execution logs
[2025-04-21T09:40:03.805+0000] {taskinstance.py:2614} INFO - Dependencies all met for dep_context=non-requeueable deps ti=<TaskInstance: dag_rezaseptian.insert_filtered_data manual__2025-04-21T09:39:53.561355+00:00 [queued]>
[2025-04-21T09:40:03.818+0000] {taskinstance.py:2614} INFO - Dependencies all met for dep_context=requeueable deps ti=<TaskInstance: dag_rezaseptian.insert_filtered_data manual__2025-04-21T09:39:53.561355+00:00 [queued]>
[2025-04-21T09:40:03.819+0000] {taskinstance.py:2867} INFO - Starting attempt 1 of 1
[2025-04-21T09:40:03.834+0000] {taskinstance.py:2890} INFO - Executing <Task(SQLExecuteQueryOperator): insert_filtered_data> on 2025-04-21 09:39:53.561355+00:00
[2025-04-21T09:40:03.841+0000] {warnings.py:112} WARNING - /home/***/.local/lib/python3.12/site-packages/***/task/task_runner/standard_task_runner.py:70: DeprecationWarning: This process (pid=417) is multi-threaded, use of fork() may lead to deadlocks in the child.
  pid = os.fork()

[2025-04-21T09:40:03.843+0000] {standard_task_runner.py:72} INFO - Started process 419 to run task
[2025-04-21T09:40:03.845+0000] {standard_task_runner.py:104} INFO - Running: ['***', 'tasks', 'run', 'dag_rezaseptian', 'insert_filtered_data', 'manual__2025-04-21T09:39:53.561355+00:00', '--job-id', '23', '--raw', '--subdir', 'DAGS_FOLDER/dag_rezaseptian.py', '--cfg-path', '/tmp/tmp47olkkeo']
[2025-04-21T09:40:03.846+0000] {standard_task_runner.py:105} INFO - Job 23: Subtask insert_filtered_data
[2025-04-21T09:40:03.901+0000] {task_command.py:467} INFO - Running <TaskInstance: dag_rezaseptian.insert_filtered_data manual__2025-04-21T09:39:53.561355+00:00 [running]> on host 3c6ae2537c9a
[2025-04-21T09:40:04.224+0000] {taskinstance.py:3134} INFO - Exporting env vars: AIRFLOW_CTX_DAG_OWNER='***' AIRFLOW_CTX_DAG_ID='dag_rezaseptian' AIRFLOW_CTX_TASK_ID='insert_filtered_data' AIRFLOW_CTX_EXECUTION_DATE='2025-04-21T09:39:53.561355+00:00' AIRFLOW_CTX_TRY_NUMBER='1' AIRFLOW_CTX_DAG_RUN_ID='manual__2025-04-21T09:39:53.561355+00:00'
[2025-04-21T09:40:04.225+0000] {logging_mixin.py:190} INFO - Task instance is in running state
[2025-04-21T09:40:04.226+0000] {logging_mixin.py:190} INFO -  Previous state of the Task instance: queued
[2025-04-21T09:40:04.227+0000] {logging_mixin.py:190} INFO - Current task name:insert_filtered_data state:running start_date:2025-04-21 09:40:03.806496+00:00
[2025-04-21T09:40:04.227+0000] {logging_mixin.py:190} INFO - Dag name:dag_rezaseptian and current dag run status:running
[2025-04-21T09:40:04.227+0000] {taskinstance.py:732} INFO - ::endgroup::
[2025-04-21T09:40:04.227+0000] {sql.py:295} INFO - Executing: 
    INSERT INTO another_table (id, customer_name)
    SELECT id, customer_name
    FROM telecom_users
    WHERE data_usage_gb > 10
    ON CONFLICT (id) DO NOTHING;
[2025-04-21T09:40:04.236+0000] {base.py:84} INFO - Retrieving connection 'postgre_conn'
[2025-04-21T09:40:04.245+0000] {base.py:84} INFO - Retrieving connection 'postgre_conn'
[2025-04-21T09:40:04.405+0000] {sql.py:511} INFO - Running statement: 
    INSERT INTO another_table (id, customer_name)
    SELECT id, customer_name
    FROM telecom_users
    WHERE data_usage_gb > 10
    ON CONFLICT (id) DO NOTHING;, parameters: None
[2025-04-21T09:40:04.463+0000] {sql.py:520} INFO - Rows affected: 90
[2025-04-21T09:40:04.465+0000] {warnings.py:112} WARNING - /home/***/.local/lib/python3.12/site-packages/***/providers/common/sql/hooks/sql.py:470: DeprecationWarning: Import of fetch_all_handler from the '***.providers.common.sql.hooks' module is deprecated and will
be removed in the future. Please import it from '***.providers.common.sql.hooks.handlers'.
  result = self._make_common_data_structure(handler(cur))

[2025-04-21T09:40:04.467+0000] {warnings.py:112} WARNING - /home/***/.local/lib/python3.12/site-packages/***/providers/common/sql/hooks/sql.py:471: DeprecationWarning: Import of return_single_query_results from the '***.providers.common.sql.hooks' module is deprecated and will
be removed in the future. Please import it from '***.providers.common.sql.hooks.handlers'.
  if return_single_query_results(sql, return_last, split_statements):

[2025-04-21T09:40:04.493+0000] {warnings.py:112} WARNING - /home/***/.local/lib/python3.12/site-packages/***/providers/common/sql/hooks/sql.py:486: DeprecationWarning: Import of return_single_query_results from the '***.providers.common.sql.hooks' module is deprecated and will
be removed in the future. Please import it from '***.providers.common.sql.hooks.handlers'.
  if return_single_query_results(sql, return_last, split_statements):

[2025-04-21T09:40:04.496+0000] {warnings.py:112} WARNING - /home/***/.local/lib/python3.12/site-packages/***/providers/common/sql/operators/sql.py:311: DeprecationWarning: Import of return_single_query_results from the '***.providers.common.sql.hooks' module is deprecated and will
be removed in the future. Please import it from '***.providers.common.sql.hooks.handlers'.
  if return_single_query_results(self.sql, self.return_last, self.split_statements):

[2025-04-21T09:40:04.507+0000] {taskinstance.py:341} INFO - ::group::Post task execution logs
[2025-04-21T09:40:04.508+0000] {taskinstance.py:353} INFO - Marking task as SUCCESS. dag_id=dag_rezaseptian, task_id=insert_filtered_data, run_id=manual__2025-04-21T09:39:53.561355+00:00, execution_date=20250421T093953, start_date=20250421T094003, end_date=20250421T094004
[2025-04-21T09:40:04.534+0000] {logging_mixin.py:190} INFO - Task instance in success state
[2025-04-21T09:40:04.535+0000] {logging_mixin.py:190} INFO -  Previous state of the Task instance: running
[2025-04-21T09:40:04.535+0000] {logging_mixin.py:190} INFO - Dag name:dag_rezaseptian queued_at:2025-04-21 09:39:53.585590+00:00
[2025-04-21T09:40:04.536+0000] {logging_mixin.py:190} INFO - Task hostname:3c6ae2537c9a operator:SQLExecuteQueryOperator
[2025-04-21T09:40:04.586+0000] {local_task_job_runner.py:266} INFO - Task exited with return code 0
[2025-04-21T09:40:04.604+0000] {taskinstance.py:3901} INFO - 0 downstream tasks scheduled from follow-on schedule check
[2025-04-21T09:40:04.607+0000] {local_task_job_runner.py:245} INFO - ::endgroup::
