[2025-04-21T11:03:33.178+0000] {local_task_job_runner.py:123} INFO - ::group::Pre task execution logs
[2025-04-21T11:03:33.197+0000] {taskinstance.py:2614} INFO - Dependencies all met for dep_context=non-requeueable deps ti=<TaskInstance: dag_rezaseptian.check_database_connection manual__2025-04-21T11:03:30.174568+00:00 [queued]>
[2025-04-21T11:03:33.209+0000] {taskinstance.py:2614} INFO - Dependencies all met for dep_context=requeueable deps ti=<TaskInstance: dag_rezaseptian.check_database_connection manual__2025-04-21T11:03:30.174568+00:00 [queued]>
[2025-04-21T11:03:33.211+0000] {taskinstance.py:2867} INFO - Starting attempt 1 of 1
[2025-04-21T11:03:33.224+0000] {taskinstance.py:2890} INFO - Executing <Task(BashOperator): check_database_connection> on 2025-04-21 11:03:30.174568+00:00
[2025-04-21T11:03:33.230+0000] {warnings.py:112} WARNING - /home/***/.local/lib/python3.12/site-packages/***/task/task_runner/standard_task_runner.py:70: DeprecationWarning: This process (pid=1536) is multi-threaded, use of fork() may lead to deadlocks in the child.
  pid = os.fork()

[2025-04-21T11:03:33.232+0000] {standard_task_runner.py:72} INFO - Started process 1538 to run task
[2025-04-21T11:03:33.233+0000] {standard_task_runner.py:104} INFO - Running: ['***', 'tasks', 'run', 'dag_rezaseptian', 'check_database_connection', 'manual__2025-04-21T11:03:30.174568+00:00', '--job-id', '33', '--raw', '--subdir', 'DAGS_FOLDER/dag_rezaseptian.py', '--cfg-path', '/tmp/tmpsdbxlb4k']
[2025-04-21T11:03:33.234+0000] {standard_task_runner.py:105} INFO - Job 33: Subtask check_database_connection
[2025-04-21T11:03:33.281+0000] {task_command.py:467} INFO - Running <TaskInstance: dag_rezaseptian.check_database_connection manual__2025-04-21T11:03:30.174568+00:00 [running]> on host 3c6ae2537c9a
[2025-04-21T11:03:33.618+0000] {taskinstance.py:3134} INFO - Exporting env vars: AIRFLOW_CTX_DAG_OWNER='***' AIRFLOW_CTX_DAG_ID='dag_rezaseptian' AIRFLOW_CTX_TASK_ID='check_database_connection' AIRFLOW_CTX_EXECUTION_DATE='2025-04-21T11:03:30.174568+00:00' AIRFLOW_CTX_TRY_NUMBER='1' AIRFLOW_CTX_DAG_RUN_ID='manual__2025-04-21T11:03:30.174568+00:00'
[2025-04-21T11:03:33.619+0000] {logging_mixin.py:190} INFO - Task instance is in running state
[2025-04-21T11:03:33.620+0000] {logging_mixin.py:190} INFO -  Previous state of the Task instance: queued
[2025-04-21T11:03:33.620+0000] {logging_mixin.py:190} INFO - Current task name:check_database_connection state:running start_date:2025-04-21 11:03:33.198785+00:00
[2025-04-21T11:03:33.621+0000] {logging_mixin.py:190} INFO - Dag name:dag_rezaseptian and current dag run status:running
[2025-04-21T11:03:33.621+0000] {taskinstance.py:732} INFO - ::endgroup::
[2025-04-21T11:03:33.622+0000] {subprocess.py:78} INFO - Tmp dir root location: /tmp
[2025-04-21T11:03:33.625+0000] {subprocess.py:88} INFO - Running command: ['/usr/bin/bash', '-c', 'echo "Memeriksa koneksi database..." && psql "${DB_URI}" -c "SELECT 1 AS connection_test"']
[2025-04-21T11:03:33.637+0000] {subprocess.py:99} INFO - Output:
[2025-04-21T11:03:33.639+0000] {subprocess.py:106} INFO - Memeriksa koneksi database...
[2025-04-21T11:03:34.820+0000] {subprocess.py:106} INFO -  connection_test
[2025-04-21T11:03:34.821+0000] {subprocess.py:106} INFO - -----------------
[2025-04-21T11:03:34.822+0000] {subprocess.py:106} INFO -                1
[2025-04-21T11:03:34.823+0000] {subprocess.py:106} INFO - (1 row)
[2025-04-21T11:03:34.823+0000] {subprocess.py:106} INFO - 
[2025-04-21T11:03:34.824+0000] {subprocess.py:110} INFO - Command exited with return code 0
[2025-04-21T11:03:34.849+0000] {taskinstance.py:341} INFO - ::group::Post task execution logs
[2025-04-21T11:03:34.850+0000] {taskinstance.py:353} INFO - Marking task as SUCCESS. dag_id=dag_rezaseptian, task_id=check_database_connection, run_id=manual__2025-04-21T11:03:30.174568+00:00, execution_date=20250421T110330, start_date=20250421T110333, end_date=20250421T110334
[2025-04-21T11:03:34.872+0000] {logging_mixin.py:190} INFO - Task instance in success state
[2025-04-21T11:03:34.873+0000] {logging_mixin.py:190} INFO -  Previous state of the Task instance: running
[2025-04-21T11:03:34.874+0000] {logging_mixin.py:190} INFO - Dag name:dag_rezaseptian queued_at:2025-04-21 11:03:30.220679+00:00
[2025-04-21T11:03:34.874+0000] {logging_mixin.py:190} INFO - Task hostname:3c6ae2537c9a operator:BashOperator
[2025-04-21T11:03:34.893+0000] {local_task_job_runner.py:266} INFO - Task exited with return code 0
[2025-04-21T11:03:34.919+0000] {taskinstance.py:3901} INFO - 1 downstream tasks scheduled from follow-on schedule check
[2025-04-21T11:03:34.922+0000] {local_task_job_runner.py:245} INFO - ::endgroup::
