[2025-04-21T09:59:32.467+0000] {local_task_job_runner.py:123} INFO - ::group::Pre task execution logs
[2025-04-21T09:59:32.488+0000] {taskinstance.py:2614} INFO - Dependencies all met for dep_context=non-requeueable deps ti=<TaskInstance: dag_rezaseptian.load_csv manual__2025-04-21T09:59:29.870607+00:00 [queued]>
[2025-04-21T09:59:32.497+0000] {taskinstance.py:2614} INFO - Dependencies all met for dep_context=requeueable deps ti=<TaskInstance: dag_rezaseptian.load_csv manual__2025-04-21T09:59:29.870607+00:00 [queued]>
[2025-04-21T09:59:32.499+0000] {taskinstance.py:2867} INFO - Starting attempt 1 of 1
[2025-04-21T09:59:32.513+0000] {taskinstance.py:2890} INFO - Executing <Task(PythonOperator): load_csv> on 2025-04-21 09:59:29.870607+00:00
[2025-04-21T09:59:32.520+0000] {warnings.py:112} WARNING - /home/***/.local/lib/python3.12/site-packages/***/task/task_runner/standard_task_runner.py:70: DeprecationWarning: This process (pid=685) is multi-threaded, use of fork() may lead to deadlocks in the child.
  pid = os.fork()

[2025-04-21T09:59:32.522+0000] {standard_task_runner.py:72} INFO - Started process 687 to run task
[2025-04-21T09:59:32.522+0000] {standard_task_runner.py:104} INFO - Running: ['***', 'tasks', 'run', 'dag_rezaseptian', 'load_csv', 'manual__2025-04-21T09:59:29.870607+00:00', '--job-id', '27', '--raw', '--subdir', 'DAGS_FOLDER/dag_rezaseptian.py', '--cfg-path', '/tmp/tmp_bef580d']
[2025-04-21T09:59:32.523+0000] {standard_task_runner.py:105} INFO - Job 27: Subtask load_csv
[2025-04-21T09:59:32.569+0000] {task_command.py:467} INFO - Running <TaskInstance: dag_rezaseptian.load_csv manual__2025-04-21T09:59:29.870607+00:00 [running]> on host 3c6ae2537c9a
[2025-04-21T09:59:32.863+0000] {taskinstance.py:3134} INFO - Exporting env vars: AIRFLOW_CTX_DAG_OWNER='***' AIRFLOW_CTX_DAG_ID='dag_rezaseptian' AIRFLOW_CTX_TASK_ID='load_csv' AIRFLOW_CTX_EXECUTION_DATE='2025-04-21T09:59:29.870607+00:00' AIRFLOW_CTX_TRY_NUMBER='1' AIRFLOW_CTX_DAG_RUN_ID='manual__2025-04-21T09:59:29.870607+00:00'
[2025-04-21T09:59:32.864+0000] {logging_mixin.py:190} INFO - Task instance is in running state
[2025-04-21T09:59:32.864+0000] {logging_mixin.py:190} INFO -  Previous state of the Task instance: queued
[2025-04-21T09:59:32.865+0000] {logging_mixin.py:190} INFO - Current task name:load_csv state:running start_date:2025-04-21 09:59:32.489212+00:00
[2025-04-21T09:59:32.865+0000] {logging_mixin.py:190} INFO - Dag name:dag_rezaseptian and current dag run status:running
[2025-04-21T09:59:32.866+0000] {taskinstance.py:732} INFO - ::endgroup::
[2025-04-21T09:59:33.388+0000] {python.py:240} INFO - Done. Returned value was: None
[2025-04-21T09:59:33.398+0000] {taskinstance.py:341} INFO - ::group::Post task execution logs
[2025-04-21T09:59:33.399+0000] {taskinstance.py:353} INFO - Marking task as SUCCESS. dag_id=dag_rezaseptian, task_id=load_csv, run_id=manual__2025-04-21T09:59:29.870607+00:00, execution_date=20250421T095929, start_date=20250421T095932, end_date=20250421T095933
[2025-04-21T09:59:33.423+0000] {logging_mixin.py:190} INFO - Task instance in success state
[2025-04-21T09:59:33.424+0000] {logging_mixin.py:190} INFO -  Previous state of the Task instance: running
[2025-04-21T09:59:33.424+0000] {logging_mixin.py:190} INFO - Dag name:dag_rezaseptian queued_at:2025-04-21 09:59:29.879494+00:00
[2025-04-21T09:59:33.425+0000] {logging_mixin.py:190} INFO - Task hostname:3c6ae2537c9a operator:PythonOperator
[2025-04-21T09:59:33.460+0000] {local_task_job_runner.py:266} INFO - Task exited with return code 0
[2025-04-21T09:59:33.485+0000] {taskinstance.py:3901} INFO - 1 downstream tasks scheduled from follow-on schedule check
[2025-04-21T09:59:33.489+0000] {local_task_job_runner.py:245} INFO - ::endgroup::
