[2025-04-21T09:21:57.272+0000] {local_task_job_runner.py:123} INFO - ::group::Pre task execution logs
[2025-04-21T09:21:57.298+0000] {taskinstance.py:2614} INFO - Dependencies all met for dep_context=non-requeueable deps ti=<TaskInstance: dag_rezaseptian.load_csv manual__2025-04-21T09:21:51.262333+00:00 [queued]>
[2025-04-21T09:21:57.310+0000] {taskinstance.py:2614} INFO - Dependencies all met for dep_context=requeueable deps ti=<TaskInstance: dag_rezaseptian.load_csv manual__2025-04-21T09:21:51.262333+00:00 [queued]>
[2025-04-21T09:21:57.311+0000] {taskinstance.py:2867} INFO - Starting attempt 1 of 1
[2025-04-21T09:21:57.323+0000] {taskinstance.py:2890} INFO - Executing <Task(PythonOperator): load_csv> on 2025-04-21 09:21:51.262333+00:00
[2025-04-21T09:21:57.333+0000] {warnings.py:112} WARNING - /home/***/.local/lib/python3.12/site-packages/***/task/task_runner/standard_task_runner.py:70: DeprecationWarning: This process (pid=138) is multi-threaded, use of fork() may lead to deadlocks in the child.
  pid = os.fork()

[2025-04-21T09:21:57.335+0000] {standard_task_runner.py:72} INFO - Started process 140 to run task
[2025-04-21T09:21:57.336+0000] {standard_task_runner.py:104} INFO - Running: ['***', 'tasks', 'run', 'dag_rezaseptian', 'load_csv', 'manual__2025-04-21T09:21:51.262333+00:00', '--job-id', '13', '--raw', '--subdir', 'DAGS_FOLDER/dag_rezaseptian.py', '--cfg-path', '/tmp/tmptwvk1lqk']
[2025-04-21T09:21:57.337+0000] {standard_task_runner.py:105} INFO - Job 13: Subtask load_csv
[2025-04-21T09:21:57.388+0000] {task_command.py:467} INFO - Running <TaskInstance: dag_rezaseptian.load_csv manual__2025-04-21T09:21:51.262333+00:00 [running]> on host 3c6ae2537c9a
[2025-04-21T09:21:57.480+0000] {taskinstance.py:3134} INFO - Exporting env vars: AIRFLOW_CTX_DAG_OWNER='***' AIRFLOW_CTX_DAG_ID='dag_rezaseptian' AIRFLOW_CTX_TASK_ID='load_csv' AIRFLOW_CTX_EXECUTION_DATE='2025-04-21T09:21:51.262333+00:00' AIRFLOW_CTX_TRY_NUMBER='1' AIRFLOW_CTX_DAG_RUN_ID='manual__2025-04-21T09:21:51.262333+00:00'
[2025-04-21T09:21:57.483+0000] {logging_mixin.py:190} INFO - Task instance is in running state
[2025-04-21T09:21:57.483+0000] {logging_mixin.py:190} INFO -  Previous state of the Task instance: queued
[2025-04-21T09:21:57.484+0000] {logging_mixin.py:190} INFO - Current task name:load_csv state:running start_date:2025-04-21 09:21:57.299291+00:00
[2025-04-21T09:21:57.484+0000] {logging_mixin.py:190} INFO - Dag name:dag_rezaseptian and current dag run status:running
[2025-04-21T09:21:57.485+0000] {taskinstance.py:732} INFO - ::endgroup::
[2025-04-21T09:21:59.113+0000] {python.py:240} INFO - Done. Returned value was: None
[2025-04-21T09:21:59.128+0000] {taskinstance.py:341} INFO - ::group::Post task execution logs
[2025-04-21T09:21:59.129+0000] {taskinstance.py:353} INFO - Marking task as SUCCESS. dag_id=dag_rezaseptian, task_id=load_csv, run_id=manual__2025-04-21T09:21:51.262333+00:00, execution_date=20250421T092151, start_date=20250421T092157, end_date=20250421T092159
[2025-04-21T09:21:59.159+0000] {logging_mixin.py:190} INFO - Task instance in success state
[2025-04-21T09:21:59.159+0000] {logging_mixin.py:190} INFO -  Previous state of the Task instance: running
[2025-04-21T09:21:59.160+0000] {logging_mixin.py:190} INFO - Dag name:dag_rezaseptian queued_at:2025-04-21 09:21:51.282447+00:00
[2025-04-21T09:21:59.161+0000] {logging_mixin.py:190} INFO - Task hostname:3c6ae2537c9a operator:PythonOperator
[2025-04-21T09:21:59.177+0000] {local_task_job_runner.py:266} INFO - Task exited with return code 0
[2025-04-21T09:21:59.204+0000] {taskinstance.py:3901} INFO - 1 downstream tasks scheduled from follow-on schedule check
[2025-04-21T09:21:59.207+0000] {local_task_job_runner.py:245} INFO - ::endgroup::
